New log file opened at Wed Aug 31 22:13:35 CEST 2016 by 11840@DESKTOP-i54670k
Taking next connection to: 17877
New client attempting to connect on port: 17878-17877
  Address = /192.168.1.234:17877
This client on port 17878 has uuid d19ada0c-85de-4f5d-b266-5bd3fd2e1c20 configName play-fork-run humanReadableName Play Fork Run protocolVersion 1 featureTags Vector()
Connected Clients: play-fork-run-d19ada0c-85de-4f5d-b266-5bd3fd2e1c20
Taking next connection to: 17877
New client attempting to connect on port: 17911-17877
  Address = /192.168.1.234:17877
Handshake exception on socket: 17911
sbt.impl.ipc.HandshakeException: Unable to perform handshake
	at sbt.impl.ipc.Peer.handshake(IPC.scala:46)
	at sbt.impl.ipc.MultiClientServer.<init>(IPC.scala:150)
	at sbt.server.SbtServerSocketHandler$$anon$1.run(SbtServerSocketHandler.scala:43)
Caused by: java.net.SocketException: Software caused connection abort: recv failed
	at java.net.SocketInputStream.socketRead0(Native Method)
	at java.net.SocketInputStream.socketRead(SocketInputStream.java:116)
	at java.net.SocketInputStream.read(SocketInputStream.java:170)
	at java.net.SocketInputStream.read(SocketInputStream.java:141)
	at java.io.BufferedInputStream.fill(BufferedInputStream.java:246)
	at java.io.BufferedInputStream.read(BufferedInputStream.java:265)
	at java.io.DataInputStream.readInt(DataInputStream.java:387)
	at sbt.impl.ipc.Peer.receive(IPC.scala:95)
	at sbt.impl.ipc.Peer.handshake(IPC.scala:49)
	... 2 more
Taking next connection to: 17877
New client attempting to connect on port: 17912-17877
  Address = /192.168.1.234:17877
This client on port 17912 has uuid c9110d08-d55a-4089-9cd4-810902cbd644 configName play-fork-run humanReadableName Play Fork Run protocolVersion 1 featureTags Vector()
Connected Clients: play-fork-run-c9110d08-d55a-4089-9cd4-810902cbd644
Taking next connection to: 17877
